\BOOKMARK [0][-]{chapter.1}{\376\377\000I\000n\000t\000r\000o\000d\000u\000\347\000\343\000o}{}% 1
\BOOKMARK [1][-]{section.1.1}{\376\377\000O\000\040\000q\000u\000e\000\040\000s\000\343\000o\000\040\000D\000i\000s\000p\000o\000s\000i\000t\000i\000v\000o\000s\000\040\000L\000\363\000g\000i\000c\000o\000s\000\040\000P\000r\000o\000g\000r\000a\000m\000\341\000v\000e\000i\000s\000?}{chapter.1}% 2
\BOOKMARK [1][-]{section.1.2}{\376\377\000L\000i\000n\000g\000u\000a\000g\000e\000n\000s\000\040\000d\000e\000\040\000D\000e\000s\000c\000r\000i\000\347\000\343\000o\000\040\000d\000e\000\040\000H\000a\000r\000d\000w\000a\000r\000e}{chapter.1}% 3
\BOOKMARK [1][-]{section.1.3}{\376\377\000O\000\040\000q\000u\000e\000\040\000\351\000\040\000V\000H\000D\000L\000?}{chapter.1}% 4
\BOOKMARK [1][-]{section.1.4}{\376\377\000F\000l\000u\000x\000o\000\040\000b\000\341\000s\000i\000c\000o\000\040\000d\000e\000\040\000p\000r\000o\000j\000e\000t\000o\000\040\000c\000o\000m\000\040\000V\000H\000D\000L}{chapter.1}% 5
\BOOKMARK [2][-]{subsection.1.4.1}{\376\377\000F\000e\000r\000r\000a\000m\000e\000n\000t\000a\000s\000\040\000u\000t\000i\000l\000i\000z\000a\000d\000a\000s\000\040\000n\000a\000\040\000d\000i\000s\000c\000i\000p\000l\000i\000n\000a}{section.1.4}% 6
\BOOKMARK [2][-]{subsection.1.4.2}{\376\377\000P\000r\000\363\000x\000i\000m\000o\000s\000\040\000c\000a\000p\000\355\000t\000u\000l\000o\000s}{section.1.4}% 7
\BOOKMARK [1][-]{section.1.5}{\376\377\000P\000e\000r\000g\000u\000n\000t\000a\000s\000\040\000p\000a\000r\000a\000\040\000r\000e\000v\000i\000s\000\343\000o}{chapter.1}% 8
\BOOKMARK [1][-]{section.1.6}{\376\377\000L\000e\000i\000t\000u\000r\000a\000\040\000c\000o\000m\000p\000l\000e\000m\000e\000n\000t\000a\000r\000:\000\040\000h\000i\000s\000t\000\363\000r\000i\000c\000o\000\040\000e\000\040\000e\000v\000o\000l\000u\000\347\000\343\000o\000\040\000d\000a\000\040\000l\000i\000n\000g\000u\000a\000g\000e\000m\000\040\000V\000H\000D\000L}{chapter.1}% 9
\BOOKMARK [2][-]{subsection.1.6.1}{\376\377\000O\000r\000i\000g\000e\000n\000s\000\040\000e\000\040\000o\000\040\000P\000r\000o\000g\000r\000a\000m\000a\000\040\000V\000H\000S\000I\000C\000\040\000\050\000D\000\351\000c\000a\000d\000a\000\040\000d\000e\000\040\0001\0009\0008\0000\000\051}{section.1.6}% 10
\BOOKMARK [2][-]{subsection.1.6.2}{\376\377\000P\000a\000d\000r\000o\000n\000i\000z\000a\000\347\000\343\000o\000\040\000e\000\040\000E\000v\000o\000l\000u\000\347\000\343\000o\000\040\000\050\000I\000E\000E\000E\000\051}{section.1.6}% 11
\BOOKMARK [2][-]{subsection.1.6.3}{\376\377\000E\000s\000t\000a\000d\000o\000\040\000d\000a\000\040\000A\000r\000t\000e\000\040\000e\000\040\000A\000p\000l\000i\000c\000a\000\347\000\343\000o\000\040\000A\000t\000u\000a\000l}{section.1.6}% 12
\BOOKMARK [0][-]{chapter.2}{\376\377\000F\000e\000r\000r\000a\000m\000e\000n\000t\000a\000s\000\040\000e\000\040\000a\000m\000b\000i\000e\000n\000t\000e\000\040\000d\000e\000\040\000d\000e\000s\000e\000n\000v\000o\000l\000v\000i\000m\000e\000n\000t\000o}{}% 13
\BOOKMARK [1][-]{section.2.1}{\376\377\000V\000i\000s\000\343\000o\000\040\000g\000e\000r\000a\000l\000\040\000d\000o\000\040\000a\000m\000b\000i\000e\000n\000t\000e}{chapter.2}% 14
\BOOKMARK [1][-]{section.2.2}{\376\377\000O\000r\000g\000a\000n\000i\000z\000a\000\347\000\343\000o\000\040\000d\000o\000s\000\040\000a\000r\000q\000u\000i\000v\000o\000s\000\040\000d\000e\000\040\000p\000r\000o\000j\000e\000t\000o}{chapter.2}% 15
\BOOKMARK [1][-]{section.2.3}{\376\377\000I\000n\000s\000t\000a\000l\000a\000\347\000\343\000o\000\040\000d\000o\000\040\000V\000i\000s\000u\000a\000l\000\040\000S\000t\000u\000d\000i\000o\000\040\000C\000o\000d\000e}{chapter.2}% 16
\BOOKMARK [1][-]{section.2.4}{\376\377\000C\000o\000n\000f\000i\000g\000u\000r\000a\000\347\000\343\000o\000\040\000d\000a\000\040\000e\000x\000t\000e\000n\000s\000\343\000o\000\040\000V\000H\000D\000L\000\040\000f\000o\000r\000\040\000P\000r\000o\000f\000e\000s\000s\000i\000o\000n\000a\000l\000s}{chapter.2}% 17
\BOOKMARK [1][-]{section.2.5}{\376\377\000I\000n\000s\000t\000a\000l\000a\000\347\000\343\000o\000\040\000d\000o\000\040\000G\000H\000D\000L}{chapter.2}% 18
\BOOKMARK [1][-]{section.2.6}{\376\377\000P\000r\000i\000m\000e\000i\000r\000a\000\040\000s\000i\000m\000u\000l\000a\000\347\000\343\000o\000\040\000c\000o\000m\000\040\000G\000H\000D\000L}{chapter.2}% 19
\BOOKMARK [1][-]{section.2.7}{\376\377\000I\000n\000s\000t\000a\000l\000a\000\347\000\343\000o\000\040\000d\000o\000\040\000V\000a\000p\000o\000r\000V\000i\000e\000w}{chapter.2}% 20
\BOOKMARK [1][-]{section.2.8}{\376\377\000V\000i\000s\000u\000a\000l\000i\000z\000a\000\347\000\343\000o\000\040\000d\000e\000\040\000f\000o\000r\000m\000a\000s\000\040\000d\000e\000\040\000o\000n\000d\000a}{chapter.2}% 21
\BOOKMARK [1][-]{section.2.9}{\376\377\000O\000\040\000p\000a\000p\000e\000l\000\040\000d\000o\000\040\000Q\000u\000a\000r\000t\000u\000s\000\040\000n\000o\000\040\000f\000l\000u\000x\000o\000\040\000c\000o\000m\000p\000l\000e\000t\000o}{chapter.2}% 22
\BOOKMARK [1][-]{section.2.10}{\376\377\000A\000u\000t\000o\000m\000a\000\347\000\343\000o\000\040\000f\000u\000t\000u\000r\000a\000\040\000c\000o\000m\000\040\000T\000c\000l}{chapter.2}% 23
\BOOKMARK [1][-]{section.2.11}{\376\377\000F\000l\000u\000x\000o\000\040\000d\000e\000\040\000t\000r\000a\000b\000a\000l\000h\000o\000\040\000r\000e\000c\000o\000m\000e\000n\000d\000a\000d\000o}{chapter.2}% 24
\BOOKMARK [1][-]{section.2.12}{\376\377\000P\000r\000o\000b\000l\000e\000m\000a\000s\000\040\000c\000o\000m\000u\000n\000s\000\040\000e\000\040\000v\000e\000r\000i\000f\000i\000c\000a\000\347\000\343\000o\000\040\000d\000a\000\040\000i\000n\000s\000t\000a\000l\000a\000\347\000\343\000o}{chapter.2}% 25
\BOOKMARK [1][-]{section.2.13}{\376\377\000P\000e\000r\000g\000u\000n\000t\000a\000s\000\040\000p\000a\000r\000a\000\040\000r\000e\000v\000i\000s\000\343\000o}{chapter.2}% 26
